TN:
SF:script/BrrETH.s.sol
FN:7,BrrETHScript.setUp
FNDA:0,BrrETHScript.setUp
FN:9,BrrETHScript.run
FNDA:0,BrrETHScript.run
DA:10,0
FNF:2
FNH:0
LF:1
LH:0
BRF:0
BRH:0
end_of_record
TN:
SF:src/BrrETH.sol
FN:50,BrrETH._deposit
FNDA:1031,BrrETH._deposit
DA:56,1031
BRDA:56,0,0,1
BRDA:56,0,1,1030
DA:57,1030
BRDA:57,1,0,1
BRDA:57,1,1,1029
DA:59,1029
DA:60,1028
DA:62,1028
FN:65,BrrETH.name
FNDA:1,BrrETH.name
DA:66,1
FN:69,BrrETH.symbol
FNDA:1,BrrETH.symbol
DA:70,1
FN:73,BrrETH.asset
FNDA:1,BrrETH.asset
DA:74,3087
FN:78,BrrETH.approveTokens
FNDA:1,BrrETH.approveTokens
DA:79,1
DA:83,1
DA:89,1
FN:93,BrrETH.rebase
FNDA:1285,BrrETH.rebase
DA:94,1285
DA:96,1285
DA:98,1285
DA:100,1285
BRDA:100,2,0,1029
BRDA:100,2,1,256
DA:104,256
DA:110,256
DA:120,256
DA:123,256
BRDA:123,3,0,-
BRDA:123,3,1,256
DA:126,256
DA:128,256
DA:130,256
DA:131,256
DA:138,256
FN:145,BrrETH.setRewardFee
FNDA:260,BrrETH.setRewardFee
DA:146,258
BRDA:146,4,0,1
BRDA:146,4,1,257
DA:148,257
DA:150,257
FN:157,BrrETH.setFeeDistributor
FNDA:2,BrrETH.setFeeDistributor
DA:158,2
BRDA:158,5,0,1
BRDA:158,5,1,1
DA:160,1
DA:162,1
FNF:8
FNH:8
LF:30
LH:30
BRF:12
BRH:11
end_of_record
TN:
SF:src/BrrETHManager.sol
FN:27,BrrETHManager.approveTokens
FNDA:1,BrrETHManager.approveTokens
DA:28,1
DA:29,1
FN:37,BrrETHManager.deposit
FNDA:259,BrrETHManager.deposit
DA:38,259
BRDA:38,0,0,1
BRDA:38,0,1,258
DA:39,258
BRDA:39,1,0,1
BRDA:39,1,1,257
DA:41,257
DA:43,257
FN:52,BrrETHManager.deposit
FNDA:516,BrrETHManager.deposit
DA:53,516
BRDA:53,2,0,1
BRDA:53,2,1,515
DA:54,515
BRDA:54,3,0,1
BRDA:54,3,1,514
DA:56,514
DA:58,514
FN:67,BrrETHManager.redeem
FNDA:260,BrrETHManager.redeem
DA:71,260
BRDA:71,4,0,1
BRDA:71,4,1,259
DA:72,259
BRDA:72,5,0,1
BRDA:72,5,1,258
DA:75,258
DA:77,258
DA:79,257
FN:82,BrrETHManager._supplyAndDeposit
FNDA:771,BrrETHManager._supplyAndDeposit
DA:86,771
DA:89,771
DA:91,771
FNF:5
FNH:5
LF:18
LH:18
BRF:12
BRH:12
end_of_record
