TN:
SF:script/BrrETH.s.sol
FN:7,BrrETHScript.setUp
FNDA:0,BrrETHScript.setUp
FN:9,BrrETHScript.run
FNDA:0,BrrETHScript.run
DA:10,0
FNF:2
FNH:0
LF:1
LH:0
BRF:0
BRH:0
end_of_record
TN:
SF:src/BrrETH.sol
FN:29,BrrETH._deposit
FNDA:517,BrrETH._deposit
DA:35,517
BRDA:35,0,0,1
BRDA:35,0,1,516
DA:37,516
DA:38,515
DA:40,515
FN:43,BrrETH.name
FNDA:1,BrrETH.name
DA:44,1
FN:47,BrrETH.symbol
FNDA:1,BrrETH.symbol
DA:48,1
FN:51,BrrETH.asset
FNDA:1,BrrETH.asset
DA:52,520
FN:56,BrrETH.approveTokens
FNDA:1,BrrETH.approveTokens
DA:57,1
DA:61,1
DA:67,1
FN:71,BrrETH.rebase
FNDA:515,BrrETH.rebase
DA:72,515
DA:74,515
DA:76,515
DA:78,515
BRDA:78,1,0,514
BRDA:78,1,1,1
DA:82,1
DA:87,1
FNF:6
FNH:6
LF:16
LH:16
BRF:4
BRH:4
end_of_record
TN:
SF:src/BrrETHManager.sol
FN:27,BrrETHManager.approveTokens
FNDA:0,BrrETHManager.approveTokens
DA:28,0
DA:29,0
FN:37,BrrETHManager.deposit
FNDA:259,BrrETHManager.deposit
DA:38,259
BRDA:38,0,0,1
BRDA:38,0,1,258
DA:39,258
BRDA:39,1,0,1
BRDA:39,1,1,257
DA:41,257
DA:43,257
FN:52,BrrETHManager.deposit
FNDA:259,BrrETHManager.deposit
DA:53,259
BRDA:53,2,0,1
BRDA:53,2,1,258
DA:54,258
BRDA:54,3,0,1
BRDA:54,3,1,257
DA:56,257
DA:58,257
FN:67,BrrETHManager.redeem
FNDA:0,BrrETHManager.redeem
DA:72,0
DA:74,0
DA:76,0
FN:79,BrrETHManager._supplyAndDeposit
FNDA:514,BrrETHManager._supplyAndDeposit
DA:83,514
DA:86,514
DA:88,514
FNF:5
FNH:3
LF:16
LH:11
BRF:8
BRH:8
end_of_record
